TN:
SF:/work/05736/qiujiang/stampede2/newf/proj02/src/build_linear_system_1d.c
FN:13,build_linear_system_1d
FNDA:3,build_linear_system_1d
FNF:1
FNH:1
DA:13,3
DA:15,3
DA:17,3
DA:18,3
DA:20,3
DA:21,0
DA:24,3
DA:25,3
DA:26,3
DA:27,3
DA:28,3
DA:29,3
DA:33,3
DA:34,3
DA:35,3
DA:38,3
DA:42,2
DA:43,2
DA:44,2
DA:45,2
DA:46,2
DA:47,2
DA:50,196
DA:51,194
DA:52,194
DA:53,194
DA:54,194
DA:55,194
DA:56,194
DA:60,2
DA:61,2
DA:62,2
DA:63,2
DA:64,2
DA:65,2
DA:71,1
DA:72,1
DA:73,1
DA:74,1
DA:75,1
DA:76,1
DA:79,1
DA:80,1
DA:81,1
DA:82,1
DA:83,1
DA:84,1
DA:87,96
DA:88,95
DA:89,95
DA:90,95
DA:91,95
DA:92,95
DA:93,95
DA:97,1
DA:98,1
DA:99,1
DA:100,1
DA:101,1
DA:102,1
DA:105,1
DA:106,1
DA:107,1
DA:108,1
DA:109,1
DA:110,1
DA:114,3
DA:115,0
DA:116,0
DA:119,3
DA:121,3
LF:71
LH:68
end_of_record
TN:
SF:/work/05736/qiujiang/stampede2/newf/proj02/src/build_linear_system_2d.c
FN:13,build_linear_system_2d
FNDA:3,build_linear_system_2d
FNF:1
FNH:1
DA:13,3
DA:15,3
DA:17,3
DA:18,3
DA:20,3
DA:21,0
DA:24,3
DA:25,3
DA:26,3
DA:27,3
DA:28,3
DA:29,3
DA:30,3
DA:31,3
DA:35,3
DA:36,3
DA:37,3
DA:38,3
DA:41,3
DA:46,2
DA:47,2
DA:48,2
DA:49,2
DA:50,2
DA:51,2
DA:54,196
DA:55,194
DA:56,194
DA:57,194
DA:58,194
DA:59,194
DA:60,194
DA:64,2
DA:65,2
DA:66,2
DA:67,2
DA:68,2
DA:69,2
DA:73,196
DA:75,194
DA:76,194
DA:77,194
DA:78,194
DA:79,194
DA:80,194
DA:83,19012
DA:84,18818
DA:85,18818
DA:86,18818
DA:87,18818
DA:88,18818
DA:89,18818
DA:93,194
DA:94,194
DA:95,194
DA:96,194
DA:97,194
DA:98,194
DA:105,2
DA:106,2
DA:107,2
DA:108,2
DA:109,2
DA:110,2
DA:113,196
DA:114,194
DA:115,194
DA:116,194
DA:117,194
DA:118,194
DA:119,194
DA:123,2
DA:124,2
DA:125,2
DA:126,2
DA:127,2
DA:128,2
DA:135,1
DA:136,1
DA:137,1
DA:138,1
DA:139,1
DA:140,1
DA:143,1
DA:144,1
DA:145,1
DA:146,1
DA:147,1
DA:148,1
DA:151,96
DA:152,95
DA:153,95
DA:154,95
DA:155,95
DA:156,95
DA:157,95
DA:161,1
DA:162,1
DA:163,1
DA:164,1
DA:165,1
DA:166,1
DA:169,1
DA:170,1
DA:171,1
DA:172,1
DA:173,1
DA:174,1
DA:179,1
DA:180,1
DA:181,1
DA:182,1
DA:183,1
DA:184,1
DA:187,1
DA:188,1
DA:189,1
DA:190,1
DA:191,1
DA:192,1
DA:195,96
DA:196,95
DA:197,95
DA:198,95
DA:199,95
DA:200,95
DA:201,95
DA:205,1
DA:206,1
DA:207,1
DA:208,1
DA:209,1
DA:210,1
DA:213,1
DA:214,1
DA:215,1
DA:216,1
DA:217,1
DA:218,1
DA:222,96
DA:224,95
DA:225,95
DA:226,95
DA:227,95
DA:228,95
DA:229,95
DA:231,95
DA:232,95
DA:233,95
DA:234,95
DA:235,95
DA:236,95
DA:239,9120
DA:240,9025
DA:241,9025
DA:242,9025
DA:243,9025
DA:244,9025
DA:245,9025
DA:249,95
DA:250,95
DA:251,95
DA:252,95
DA:253,95
DA:254,95
DA:257,95
DA:258,95
DA:259,95
DA:260,95
DA:261,95
DA:262,95
DA:269,1
DA:270,1
DA:271,1
DA:272,1
DA:273,1
DA:274,1
DA:277,1
DA:278,1
DA:279,1
DA:280,1
DA:281,1
DA:282,1
DA:285,96
DA:286,95
DA:287,95
DA:288,95
DA:289,95
DA:290,95
DA:291,95
DA:295,1
DA:296,1
DA:297,1
DA:298,1
DA:299,1
DA:300,1
DA:303,1
DA:304,1
DA:305,1
DA:306,1
DA:307,1
DA:308,1
DA:313,1
DA:314,1
DA:315,1
DA:316,1
DA:317,1
DA:318,1
DA:321,1
DA:322,1
DA:323,1
DA:324,1
DA:325,1
DA:326,1
DA:329,96
DA:330,95
DA:331,95
DA:332,95
DA:333,95
DA:334,95
DA:335,95
DA:339,1
DA:340,1
DA:341,1
DA:342,1
DA:343,1
DA:344,1
DA:347,1
DA:348,1
DA:349,1
DA:350,1
DA:351,1
DA:352,1
DA:356,3
DA:357,0
DA:358,0
DA:361,3
DA:363,3
LF:238
LH:235
end_of_record
TN:
SF:/work/05736/qiujiang/stampede2/newf/proj02/src/error_l2.c
FN:11,error_l2
FNDA:116543,error_l2
FNF:1
FNH:1
DA:11,116543
DA:13,116543
DA:14,116543
DA:15,116543
DA:16,45338
DA:19,442591990
DA:20,442475447
DA:23,116543
LF:8
LH:8
end_of_record
TN:
SF:/work/05736/qiujiang/stampede2/newf/proj02/src/initialize.c
FN:11,initialize
FNDA:6,initialize
FNF:1
FNH:1
DA:11,6
DA:13,6
DA:16,6
DA:17,3
DA:18,3
DA:19,3
DA:20,3
DA:21,3
DA:23,3
DA:24,3
DA:25,3
DA:26,3
DA:27,3
DA:28,3
DA:31,6
DA:32,0
DA:33,0
DA:36,6
DA:38,6
DA:39,6
DA:40,6
DA:41,3
DA:45,6
DA:46,6
DA:47,6
DA:48,6
DA:49,6
DA:51,6
DA:52,0
DA:55,6
DA:57,6
LF:31
LH:28
end_of_record
TN:
SF:/work/05736/qiujiang/stampede2/newf/proj02/src/input.c
FN:13,input
FNDA:6,input
FNF:1
FNH:1
DA:13,6
DA:15,6
DA:17,6
DA:19,6
DA:20,0
DA:21,0
DA:24,6
DA:25,6
DA:27,6
DA:28,6
DA:31,6
DA:32,0
DA:33,0
DA:36,6
DA:37,6
DA:40,6
DA:41,6
DA:44,6
DA:45,0
DA:46,0
DA:49,6
DA:51,3
DA:52,3
DA:55,3
DA:56,3
DA:59,3
DA:60,0
DA:61,0
DA:64,3
DA:65,0
DA:66,0
DA:71,6
DA:72,6
DA:75,6
DA:77,3
DA:78,3
DA:81,3
DA:82,0
DA:83,0
DA:88,6
DA:90,6
DA:91,6
DA:92,4
DA:94,2
DA:98,6
DA:99,0
DA:100,0
DA:103,6
DA:104,6
DA:107,6
DA:108,0
DA:109,0
DA:112,6
DA:113,6
DA:114,6
DA:116,0
DA:120,6
DA:121,0
DA:122,0
DA:125,6
DA:126,6
DA:127,6
DA:129,0
DA:133,6
DA:134,0
DA:135,0
DA:138,6
DA:139,6
DA:142,6
DA:143,6
DA:146,6
DA:147,6
DA:150,6
DA:151,6
DA:154,6
DA:155,0
DA:156,0
DA:159,6
DA:161,6
DA:163,6
DA:165,6
LF:81
LH:57
end_of_record
TN:
SF:/work/05736/qiujiang/stampede2/newf/proj02/src/main.c
FN:13,main
FNDA:6,main
FNF:1
FNH:1
DA:13,6
DA:15,6
DA:16,0
DA:17,0
DA:22,6
DA:24,6
DA:25,6
DA:26,6
DA:27,3
DA:29,3
DA:31,6
DA:32,6
DA:34,6
DA:35,6
LF:14
LH:12
end_of_record
TN:
SF:/work/05736/qiujiang/stampede2/newf/proj02/src/output.c
FN:14,output
FNDA:6,output
FNF:1
FNH:1
DA:14,6
DA:16,6
DA:18,6
DA:19,0
DA:22,6
DA:24,6
DA:25,6
DA:26,6
DA:27,6
DA:28,6
DA:29,6
DA:30,6
DA:35,6
DA:37,6
DA:39,3
DA:40,3
DA:42,3
DA:43,300
DA:44,297
DA:46,3
DA:47,3
DA:48,3
DA:50,3
DA:51,3
DA:53,3
DA:54,3
DA:55,3
DA:56,3
DA:57,300
DA:58,297
DA:60,3
DA:61,3
DA:62,3
DA:66,3
DA:67,3
DA:69,3
DA:70,300
DA:71,29403
DA:72,29403
DA:75,3
DA:76,3
DA:77,3
DA:79,3
DA:80,300
DA:81,29403
DA:82,29403
DA:85,3
DA:86,3
DA:87,3
DA:89,3
DA:90,3
DA:92,3
DA:93,3
DA:94,3
DA:95,3
DA:96,3
DA:97,300
DA:98,29403
DA:99,29403
DA:102,3
DA:103,3
DA:104,3
DA:108,6
DA:109,6
DA:110,6
DA:113,6
DA:114,6
DA:115,6
DA:116,6
DA:117,297
DA:118,297
DA:119,297
DA:121,3
DA:123,297
DA:124,29403
DA:125,29403
DA:126,29403
DA:129,3
DA:132,6
DA:133,6
DA:134,6
DA:138,6
DA:139,6
DA:140,3
DA:142,29706
DA:143,29700
DA:144,29700
DA:146,6
DA:147,6
DA:148,6
DA:149,6
DA:150,6
DA:152,6
DA:153,0
DA:156,6
DA:158,6
LF:96
LH:94
end_of_record
TN:
SF:/work/05736/qiujiang/stampede2/newf/proj02/src/res_norm.c
FN:11,res_norm
FNDA:6,res_norm
FNF:1
FNH:1
DA:11,6
DA:13,6
DA:14,6
DA:15,6
DA:16,3
DA:19,29706
DA:21,185318
DA:22,185318
DA:24,29700
DA:27,6
LF:10
LH:10
end_of_record
TN:
SF:/work/05736/qiujiang/stampede2/newf/proj02/src/show_linear_system.c
FN:10,show_linear_system
FNDA:0,show_linear_system
FNF:1
FNH:0
DA:10,0
DA:12,0
DA:13,0
DA:14,0
DA:17,0
DA:18,0
DA:19,0
DA:20,0
DA:21,0
DA:24,0
DA:25,0
DA:26,0
DA:30,0
DA:31,0
DA:32,0
DA:33,0
DA:34,0
DA:36,0
DA:38,0
DA:41,0
DA:42,0
DA:43,0
DA:44,0
DA:46,0
DA:48,0
LF:25
LH:0
end_of_record
TN:
SF:/work/05736/qiujiang/stampede2/newf/proj02/src/solve_linear_system.c
FN:12,solve_linear_system
FNDA:6,solve_linear_system
FNF:1
FNH:1
DA:12,6
DA:14,6
DA:16,6
DA:17,0
DA:20,6
DA:22,6
DA:23,6
DA:24,3
DA:26,6
DA:27,6
DA:28,6
DA:31,6
DA:32,6
DA:34,6
DA:36,56288
DA:37,56286
DA:38,0
DA:40,56286
DA:41,209564640
DA:44,1032164650
DA:45,1032164650
DA:46,1032164650
DA:47,822656296
DA:52,209508354
DA:54,56286
DA:55,56286
DA:60,60255
DA:61,60251
DA:62,0
DA:64,60251
DA:65,241929230
DA:68,1708708053
DA:69,1708708053
DA:70,1708708053
DA:71,733419537
DA:72,975288516
DA:75,733419537
DA:78,241868979
DA:80,60251
DA:81,60251
DA:86,6
DA:87,6
DA:88,6
DA:90,6
DA:92,6
DA:93,0
DA:96,6
DA:98,6
LF:48
LH:44
end_of_record
